<?xml version="1.0" encoding="UTF-8"?>
<!-- Generated by org.testng.reporters.JUnitReportReporter -->
<testsuite skipped="0" hostname="Vijays-MacBook-Pro-2.local" name="tests.SearchAndAddProductToCartTest" tests="1" failures="0" timestamp="2022-11-23T16:36:37 IST" time="4.907" errors="0">
  <testcase name="verifySearchAndClickOnProduct" time="4.907" classname="tests.SearchAndAddProductToCartTest"/>
  <system-out/>
</testsuite> <!-- tests.SearchAndAddProductToCartTest -->
