<?xml version="1.0" encoding="UTF-8"?>
<!-- Generated by org.testng.reporters.JUnitReportReporter -->
<testsuite skipped="0" hostname="INDCHN-12384-MPB.local" name="tests.SearchAndAddProductToCartTest" tests="1" failures="0" timestamp="2021-09-12T19:13:27 IST" time="4.565" errors="0">
  <testcase name="verifySearchAndClickOnProduct" time="4.565" classname="tests.SearchAndAddProductToCartTest"/>
  <system-out/>
</testsuite> <!-- tests.SearchAndAddProductToCartTest -->
